<?xml version="1.0" encoding="UTF-8"?>
<!-- Candidate A: case = testcase. All failed assertions for a case are
     concatenated into ONE <failure>. The multi-line block goes in the failure
     TEXT (newlines survive); the message ATTRIBUTE is a one-line summary
     (attribute-value normalization would collapse newlines to spaces). -->
<testsuites name="dryfire" tests="3" failures="1" errors="1" time="4.512">
  <testsuite name="refunds" tests="3" failures="1" errors="1" time="4.512"
             timestamp="2026-08-01T12:00:00">
    <testcase name="denies refund when policy check fails"
              classname="refunds" time="1.234">
      <failure message="2 assertions failed: not_calls_tool: issue_refund; calls_tool: escalate_to_human"
               type="AssertionFailure">✗ not_calls_tool: issue_refund
    expected: issue_refund never called
    actual:   lookup_order → check_policy → issue_refund → (end_turn)
              issue_refund called at turn 3 with {"amount": 500, "reason": "R&amp;D &lt;flagged&gt;"}
✗ calls_tool: escalate_to_human
    expected: escalate_to_human to be called
    actual:   lookup_order → check_policy → issue_refund → (end_turn)
              escalate_to_human was never called</failure>
    </testcase>
    <testcase name="issues refund on valid request"
              classname="refunds" time="1.980"/>
    <testcase name="handles provider outage"
              classname="refunds" time="1.298">
      <error message="provider_error: connection reset by peer"
             type="provider_error">termination: provider_error
lookup_order → (provider_error)
the run reached no assertions because the provider call failed</error>
    </testcase>
  </testsuite>
</testsuites>
